<?xml version="1.0" encoding="UTF-8"?>
<!-- Generated by org.testng.reporters.JUnitReportReporter -->
<testsuite hostname="DESKTOP-2R54049" failures="0" tests="1" name="UI.LoginTest" time="7.421" errors="0" timestamp="2024-07-12T21:45:34 EET" skipped="0">
  <testcase classname="UI.LoginTest" name="logintest" time="7.421"/>
</testsuite> <!-- UI.LoginTest -->
