<?xml version="1.0" encoding="UTF-8"?>
<!-- Generated by org.testng.reporters.JUnitReportReporter -->
<testsuite hostname="DESKTOP-2R54049" failures="0" tests="5" name="UI.TestsRequired" time="11.952" errors="0" timestamp="2024-07-13T04:24:05 EET" skipped="0">
  <testcase classname="UI.TestsRequired" name="aTest1" time="2.150"/>
  <testcase classname="UI.TestsRequired" name="bTest2" time="3.372"/>
  <testcase classname="UI.TestsRequired" name="cTest3" time="2.163"/>
  <testcase classname="UI.TestsRequired" name="dTest4" time="2.142"/>
  <testcase classname="UI.TestsRequired" name="eTest5" time="2.125"/>
</testsuite> <!-- UI.TestsRequired -->
